[debug] [2021-05-22T11:28:40.394Z] ----------------------------------------------------------------------
[debug] [2021-05-22T11:28:40.399Z] Command:       C:\Program Files\nodejs\node.exe C:\Users\mr_pc\AppData\Roaming\npm\node_modules\firebase-tools\lib\bin\firebase.js login
[debug] [2021-05-22T11:28:40.401Z] CLI Version:   9.11.0
[debug] [2021-05-22T11:28:40.401Z] Platform:      win32
[debug] [2021-05-22T11:28:40.401Z] Node Version:  v14.16.0
[debug] [2021-05-22T11:28:40.404Z] Time:          Sat May 22 2021 16:58:40 GMT+0530 (India Standard Time)
[debug] [2021-05-22T11:28:40.404Z] ----------------------------------------------------------------------
[debug] 
[info] i  Firebase optionally collects CLI usage and error reporting information to help improve our products. Data is collected in accordance with Google's privacy policy (https://policies.google.com/privacy) and is not used to identify you.
 
[info] 
[info] Visit this URL on this device to log in:
[info] https://accounts.google.com/o/oauth2/auth?client_id=563584335869-fgrhgmd47bqnekij5i8b5pr03ho849e6.apps.googleusercontent.com&scope=email%20openid%20https%3A%2F%2Fwww.googleapis.com%2Fauth%2Fcloudplatformprojects.readonly%20https%3A%2F%2Fwww.googleapis.com%2Fauth%2Ffirebase%20https%3A%2F%2Fwww.googleapis.com%2Fauth%2Fcloud-platform&response_type=code&state=15039726&redirect_uri=http%3A%2F%2Flocalhost%3A9005
[info] 
[info] Waiting for authentication...
[debug] [2021-05-22T11:28:43.794Z] Error: spawn cmd ENOENT
    at Process.ChildProcess._handle.onexit (internal/child_process.js:269:19)
    at onErrorNT (internal/child_process.js:465:16)
    at processTicksAndRejections (internal/process/task_queues.js:80:21)
[error] 
[error] Error: An unexpected error has occurred.
